#
# There is insufficient memory for the Java Runtime Environment to continue.
# Native memory allocation (malloc) failed to allocate 1645136 bytes for Chunk::new
# Possible reasons:
#   The system is out of physical RAM or swap space
#   The process is running with CompressedOops enabled, and the Java Heap may be blocking the growth of the native heap
# Possible solutions:
#   Reduce memory load on the system
#   Increase physical memory or swap space
#   Check if swap backing store is full
#   Decrease Java heap size (-Xmx/-Xms)
#   Decrease number of Java threads
#   Decrease Java thread stack sizes (-Xss)
#   Set larger code cache with -XX:ReservedCodeCacheSize=
#   JVM is running with Unscaled Compressed Oops mode in which the Java heap is
#     placed in the first 4GB address space. The Java Heap base address is the
#     maximum limit for the native heap growth. Please use -XX:HeapBaseMinAddress
#     to set the Java Heap base and to place the Java Heap above 4GB virtual address.
# This output file may be truncated or incomplete.
#
#  Out of Memory Error (./open/src/hotspot/share/memory/arena.cpp:197), pid=8124, tid=12340
#
# JRE version: Java(TM) SE Runtime Environment 18.9 (11.0.11+9) (build 11.0.11+9-LTS-194)
# Java VM: Java HotSpot(TM) 64-Bit Server VM 18.9 (11.0.11+9-LTS-194, mixed mode, tiered, compressed oops, g1 gc, windows-amd64)
# No core dump will be written. Minidumps are not enabled by default on client versions of Windows
#

---------------  S U M M A R Y ------------

Command Line: -DwatchParentProcess=false -XX:+ExitOnOutOfMemoryError -XX:+HeapDumpOnOutOfMemoryError -XX:HeapDumpPath=c:\Users\anaba\AppData\Roaming\Code\User\globalStorage\redhat.vscode-xml -Xverify:none -Xmx64M org.eclipse.lemminx.XMLServerLauncher

Host: Intel(R) Atom(TM) x5-Z8350  CPU @ 1.44GHz, 4 cores, 1G,  Windows 10 , 64 bit Build 17134 (10.0.17134.753)
Time: Mon Feb 14 11:13:59 2022 Hora estándar romance elapsed time: 1267.526913 seconds (0d 0h 21m 7s)

---------------  T H R E A D  ---------------

Current thread (0x000001a3ccfed800):  JavaThread "C2 CompilerThread0" daemon [_thread_in_native, id=12340, stack(0x0000001667000000,0x0000001667100000)]


Current CompileTask:
C2:1267529 3209       4       org.eclipse.lemminx.dom.parser.XMLScanner::internalScan (5025 bytes)

Stack: [0x0000001667000000,0x0000001667100000]
Native frames: (J=compiled Java code, j=interpreted, Vv=VM code, C=native code)
V  [jvm.dll+0x616f2a]
V  [jvm.dll+0x74de7f]
V  [jvm.dll+0x74f505]
V  [jvm.dll+0x74fb83]
V  [jvm.dll+0x2436d8]
V  [jvm.dll+0xba68c]
V  [jvm.dll+0xbad8c]
V  [jvm.dll+0x3462b7]
V  [jvm.dll+0x3140c3]
V  [jvm.dll+0x31340a]
V  [jvm.dll+0x1fd045]
V  [jvm.dll+0x1fc22f]
V  [jvm.dll+0x17f0bc]
V  [jvm.dll+0x20b68c]
V  [jvm.dll+0x20978b]
V  [jvm.dll+0x7152c9]
V  [jvm.dll+0x70dfc4]
V  [jvm.dll+0x6160f6]
C  [ucrtbase.dll+0x1e3fe]
C  [KERNEL32.DLL+0x14034]
C  [ntdll.dll+0x73691]


---------------  P R O C E S S  ---------------

Threads class SMR info:
_java_thread_list=0x000001a3cdf1cb60, length=14, elements={
0x000001a3ccf78800, 0x000001a3ccf84000, 0x000001a3ccfe9000, 0x000001a3ccfeb000,
0x000001a3ccfed800, 0x000001a3ccf94000, 0x000001a3ccf97000, 0x000001a3cda4a000,
0x000001a3cda59800, 0x000001a3cde1a000, 0x000001a3b3414800, 0x000001a3cdf81800,
0x000001a3cd92b000, 0x000001a3cda75000
}

Java Threads: ( => current thread )
  0x000001a3ccf78800 JavaThread "Reference Handler" daemon [_thread_blocked, id=5800, stack(0x0000001666c00000,0x0000001666d00000)]
  0x000001a3ccf84000 JavaThread "Finalizer" daemon [_thread_blocked, id=13060, stack(0x0000001666d00000,0x0000001666e00000)]
  0x000001a3ccfe9000 JavaThread "Signal Dispatcher" daemon [_thread_blocked, id=14060, stack(0x0000001666e00000,0x0000001666f00000)]
  0x000001a3ccfeb000 JavaThread "Attach Listener" daemon [_thread_blocked, id=4484, stack(0x0000001666f00000,0x0000001667000000)]
=>0x000001a3ccfed800 JavaThread "C2 CompilerThread0" daemon [_thread_in_native, id=12340, stack(0x0000001667000000,0x0000001667100000)]
  0x000001a3ccf94000 JavaThread "C1 CompilerThread0" daemon [_thread_blocked, id=11252, stack(0x0000001667100000,0x0000001667200000)]
  0x000001a3ccf97000 JavaThread "Sweeper thread" daemon [_thread_blocked, id=7156, stack(0x0000001667200000,0x0000001667300000)]
  0x000001a3cda4a000 JavaThread "Service Thread" daemon [_thread_blocked, id=15156, stack(0x0000001667300000,0x0000001667400000)]
  0x000001a3cda59800 JavaThread "Common-Cleaner" daemon [_thread_blocked, id=7768, stack(0x0000001667500000,0x0000001667600000)]
  0x000001a3cde1a000 JavaThread "pool-3-thread-1" [_thread_in_native, id=5396, stack(0x0000001667600000,0x0000001667700000)]
  0x000001a3b3414800 JavaThread "DestroyJavaVM" [_thread_blocked, id=3036, stack(0x0000001666500000,0x0000001666600000)]
  0x000001a3cdf81800 JavaThread "ForkJoinPool.commonPool-worker-7" daemon [_thread_blocked, id=6908, stack(0x0000001667c00000,0x0000001667d00000)]
  0x000001a3cd92b000 JavaThread "ForkJoinPool.commonPool-worker-1" daemon [_thread_blocked, id=7216, stack(0x0000001666100000,0x0000001666200000)]
  0x000001a3cda75000 JavaThread "ForkJoinPool.commonPool-worker-3" daemon [_thread_blocked, id=9312, stack(0x0000001666200000,0x0000001666300000)]

Other Threads:
  0x000001a3ccf50000 VMThread "VM Thread" [stack: 0x0000001666b00000,0x0000001666c00000] [id=10236]
  0x000001a3cda55000 WatcherThread [stack: 0x0000001667400000,0x0000001667500000] [id=3912]
  0x000001a3b342b000 GCTaskThread "GC Thread#0" [stack: 0x0000001666600000,0x0000001666700000] [id=9612]
  0x000001a3cd934800 GCTaskThread "GC Thread#1" [stack: 0x0000001667700000,0x0000001667800000] [id=7548]
  0x000001a3cd935000 GCTaskThread "GC Thread#2" [stack: 0x0000001667800000,0x0000001667900000] [id=11948]
  0x000001a3cd935800 GCTaskThread "GC Thread#3" [stack: 0x0000001667900000,0x0000001667a00000] [id=76]
  0x000001a3b3433800 ConcurrentGCThread "G1 Main Marker" [stack: 0x0000001666700000,0x0000001666800000] [id=5584]
  0x000001a3b3435000 ConcurrentGCThread "G1 Conc#0" [stack: 0x0000001666800000,0x0000001666900000] [id=14508]
  0x000001a3b34a9000 ConcurrentGCThread "G1 Refine#0" [stack: 0x0000001666900000,0x0000001666a00000] [id=8932]
  0x000001a3b34aa000 ConcurrentGCThread "G1 Young RemSet Sampling" [stack: 0x0000001666a00000,0x0000001666b00000] [id=9116]

Threads with active compile tasks:
C2 CompilerThread01267817 3209       4       org.eclipse.lemminx.dom.parser.XMLScanner::internalScan (5025 bytes)

VM state:not at safepoint (normal execution)

VM Mutex/Monitor currently owned by a thread: None

Heap address: 0x00000000fc000000, size: 64 MB, Compressed Oops mode: 32-bit
Narrow klass base: 0x0000000000000000, Narrow klass shift: 3
Compressed class space size: 1073741824 Address: 0x0000000100000000

Heap:
 garbage-first heap   total 32768K, used 16849K [0x00000000fc000000, 0x0000000100000000)
  region size 1024K, 14 young (14336K), 1 survivors (1024K)
 Metaspace       used 20072K, capacity 20503K, committed 20608K, reserved 1067008K
  class space    used 2018K, capacity 2162K, committed 2176K, reserved 1048576K
Heap Regions: E=young(eden), S=young(survivor), O=old, HS=humongous(starts), HC=humongous(continues), CS=collection set, F=free, A=archive, TAMS=top-at-mark-start (previous, next)
|   0|0x00000000fc000000, 0x00000000fc100000, 0x00000000fc100000|100%|HS|  |TAMS 0x00000000fc000000, 0x00000000fc000000| Complete 
|   1|0x00000000fc100000, 0x00000000fc200000, 0x00000000fc200000|100%| O|  |TAMS 0x00000000fc100000, 0x00000000fc100000| Untracked 
|   2|0x00000000fc200000, 0x00000000fc300000, 0x00000000fc300000|100%| O|  |TAMS 0x00000000fc200000, 0x00000000fc200000| Untracked 
|   3|0x00000000fc300000, 0x00000000fc400000, 0x00000000fc400000|100%| O|  |TAMS 0x00000000fc300000, 0x00000000fc300000| Untracked 
|   4|0x00000000fc400000, 0x00000000fc500000, 0x00000000fc500000|100%| O|  |TAMS 0x00000000fc400000, 0x00000000fc400000| Untracked 
|   5|0x00000000fc500000, 0x00000000fc510200, 0x00000000fc600000|  6%| O|  |TAMS 0x00000000fc500000, 0x00000000fc500000| Untracked 
|   6|0x00000000fc600000, 0x00000000fc600000, 0x00000000fc700000|  0%| F|  |TAMS 0x00000000fc600000, 0x00000000fc600000| Untracked 
|   7|0x00000000fc700000, 0x00000000fc700000, 0x00000000fc800000|  0%| F|  |TAMS 0x00000000fc700000, 0x00000000fc700000| Untracked 
|   8|0x00000000fc800000, 0x00000000fc800000, 0x00000000fc900000|  0%| F|  |TAMS 0x00000000fc800000, 0x00000000fc800000| Untracked 
|   9|0x00000000fc900000, 0x00000000fc900000, 0x00000000fca00000|  0%| F|  |TAMS 0x00000000fc900000, 0x00000000fc900000| Untracked 
|  10|0x00000000fca00000, 0x00000000fca00000, 0x00000000fcb00000|  0%| F|  |TAMS 0x00000000fca00000, 0x00000000fca00000| Untracked 
|  11|0x00000000fcb00000, 0x00000000fcb00000, 0x00000000fcc00000|  0%| F|  |TAMS 0x00000000fcb00000, 0x00000000fcb00000| Untracked 
|  12|0x00000000fcc00000, 0x00000000fcc00000, 0x00000000fcd00000|  0%| F|  |TAMS 0x00000000fcc00000, 0x00000000fcc00000| Untracked 
|  13|0x00000000fcd00000, 0x00000000fcd00000, 0x00000000fce00000|  0%| F|  |TAMS 0x00000000fcd00000, 0x00000000fcd00000| Untracked 
|  14|0x00000000fce00000, 0x00000000fce00000, 0x00000000fcf00000|  0%| F|  |TAMS 0x00000000fce00000, 0x00000000fce00000| Untracked 
|  15|0x00000000fcf00000, 0x00000000fcf00000, 0x00000000fd000000|  0%| F|  |TAMS 0x00000000fcf00000, 0x00000000fcf00000| Untracked 
|  16|0x00000000fd000000, 0x00000000fd064550, 0x00000000fd100000| 39%| S|CS|TAMS 0x00000000fd000000, 0x00000000fd000000| Complete 
|  17|0x00000000fd100000, 0x00000000fd100000, 0x00000000fd200000|  0%| F|  |TAMS 0x00000000fd100000, 0x00000000fd100000| Untracked 
|  18|0x00000000fd200000, 0x00000000fd200000, 0x00000000fd300000|  0%| F|  |TAMS 0x00000000fd200000, 0x00000000fd200000| Untracked 
|  19|0x00000000fd300000, 0x00000000fd3fe680, 0x00000000fd400000| 99%| E|  |TAMS 0x00000000fd300000, 0x00000000fd300000| Complete 
|  20|0x00000000fd400000, 0x00000000fd500000, 0x00000000fd500000|100%| E|CS|TAMS 0x00000000fd400000, 0x00000000fd400000| Complete 
|  21|0x00000000fd500000, 0x00000000fd600000, 0x00000000fd600000|100%| E|CS|TAMS 0x00000000fd500000, 0x00000000fd500000| Complete 
|  22|0x00000000fd600000, 0x00000000fd700000, 0x00000000fd700000|100%| E|CS|TAMS 0x00000000fd600000, 0x00000000fd600000| Complete 
|  23|0x00000000fd700000, 0x00000000fd800000, 0x00000000fd800000|100%| E|CS|TAMS 0x00000000fd700000, 0x00000000fd700000| Complete 
|  24|0x00000000fd800000, 0x00000000fd900000, 0x00000000fd900000|100%| E|CS|TAMS 0x00000000fd800000, 0x00000000fd800000| Complete 
|  25|0x00000000fd900000, 0x00000000fda00000, 0x00000000fda00000|100%| E|CS|TAMS 0x00000000fd900000, 0x00000000fd900000| Complete 
|  26|0x00000000fda00000, 0x00000000fdb00000, 0x00000000fdb00000|100%| E|CS|TAMS 0x00000000fda00000, 0x00000000fda00000| Complete 
|  27|0x00000000fdb00000, 0x00000000fdc00000, 0x00000000fdc00000|100%| E|CS|TAMS 0x00000000fdb00000, 0x00000000fdb00000| Complete 
|  28|0x00000000fdc00000, 0x00000000fdd00000, 0x00000000fdd00000|100%| E|CS|TAMS 0x00000000fdc00000, 0x00000000fdc00000| Complete 
|  29|0x00000000fdd00000, 0x00000000fde00000, 0x00000000fde00000|100%| E|CS|TAMS 0x00000000fdd00000, 0x00000000fdd00000| Complete 
|  30|0x00000000fde00000, 0x00000000fdf00000, 0x00000000fdf00000|100%| E|  |TAMS 0x00000000fde00000, 0x00000000fde00000| Complete 
|  31|0x00000000fdf00000, 0x00000000fe000000, 0x00000000fe000000|100%| E|CS|TAMS 0x00000000fdf00000, 0x00000000fdf00000| Complete 

Card table byte_map: [0x000001a3b3210000,0x000001a3b3230000] _byte_map_base: 0x000001a3b2a30000

Marking Bits (Prev, Next): (CMBitMap*) 0x000001a3b3431f18, (CMBitMap*) 0x000001a3b3431f50
 Prev Bits: [0x000001a3b3250000, 0x000001a3b3350000)
 Next Bits: [0x000001a3ca8c0000, 0x000001a3ca9c0000)

Polling page: 0x000001a3b1200000

Metaspace:

Usage:
  Non-class:     17.91 MB capacity,    17.63 MB ( 98%) used,   238.88 KB (  1%) free+waste,    47.94 KB ( <1%) overhead. 
      Class:      2.11 MB capacity,     1.97 MB ( 93%) used,   122.24 KB (  6%) free+waste,    21.38 KB ( <1%) overhead. 
       Both:     20.02 MB capacity,    19.60 MB ( 98%) used,   361.12 KB (  2%) free+waste,    69.31 KB ( <1%) overhead. 

Virtual space:
  Non-class space:       18.00 MB reserved,      18.00 MB (100%) committed 
      Class space:        1.00 GB reserved,       2.13 MB ( <1%) committed 
             Both:        1.02 GB reserved,      20.13 MB (  2%) committed 

Chunk freelists:
   Non-Class:  3.38 KB
       Class:  0 bytes
        Both:  3.38 KB

CodeHeap 'non-profiled nmethods': size=120064Kb used=1231Kb max_used=1231Kb free=118832Kb
 bounds [0x000001a3c3380000, 0x000001a3c35f0000, 0x000001a3ca8c0000]
CodeHeap 'profiled nmethods': size=120000Kb used=7367Kb max_used=7367Kb free=112632Kb
 bounds [0x000001a3bbe50000, 0x000001a3bc590000, 0x000001a3c3380000]
CodeHeap 'non-nmethods': size=5696Kb used=1125Kb max_used=1160Kb free=4570Kb
 bounds [0x000001a3bb8c0000, 0x000001a3bbb30000, 0x000001a3bbe50000]
 total_blobs=3652 nmethods=3191 adapters=373
 compilation: enabled
              stopped_count=0, restarted_count=0
 full_count=0

Compilation events (10 events):
Event: 1232.155 Thread 0x000001a3ccf94000 nmethod 3204 0x000001a3bc580810 code [0x000001a3bc5809e0, 0x000001a3bc580e18]
Event: 1261.420 Thread 0x000001a3ccf94000 3205       3       java.util.Calendar::internalGet (7 bytes)
Event: 1261.433 Thread 0x000001a3ccf94000 nmethod 3205 0x000001a3bc580f90 code [0x000001a3bc581140, 0x000001a3bc581278]
Event: 1261.448 Thread 0x000001a3ccf94000 3206       3       java.lang.StackStreamFactory$FrameBuffer::isActive (42 bytes)
Event: 1261.453 Thread 0x000001a3ccf94000 nmethod 3206 0x000001a3bc581390 code [0x000001a3bc581540, 0x000001a3bc581758]
Event: 1261.856 Thread 0x000001a3ccf94000 3207       3       java.lang.String::toUpperCase (29 bytes)
Event: 1261.866 Thread 0x000001a3ccf94000 nmethod 3207 0x000001a3bc581810 code [0x000001a3bc5819e0, 0x000001a3bc581c78]
Event: 1261.878 Thread 0x000001a3ccf94000 3208       1       java.util.Formatter$FixedString::index (3 bytes)
Event: 1261.880 Thread 0x000001a3ccf94000 nmethod 3208 0x000001a3c34b3b90 code [0x000001a3c34b3d20, 0x000001a3c34b3dd8]
Event: 1266.218 Thread 0x000001a3ccfed800 3209       4       org.eclipse.lemminx.dom.parser.XMLScanner::internalScan (5025 bytes)

GC Heap History (10 events):
Event: 7.852 GC heap before
{Heap before GC invocations=0 (full 0):
 garbage-first heap   total 32768K, used 15360K [0x00000000fc000000, 0x0000000100000000)
  region size 1024K, 14 young (14336K), 0 survivors (0K)
 Metaspace       used 13453K, capacity 13691K, committed 13696K, reserved 1060864K
  class space    used 1317K, capacity 1406K, committed 1408K, reserved 1048576K
}
Event: 7.895 GC heap after
{Heap after GC invocations=1 (full 0):
 garbage-first heap   total 32768K, used 3979K [0x00000000fc000000, 0x0000000100000000)
  region size 1024K, 2 young (2048K), 2 survivors (2048K)
 Metaspace       used 13453K, capacity 13691K, committed 13696K, reserved 1060864K
  class space    used 1317K, capacity 1406K, committed 1408K, reserved 1048576K
}
Event: 118.315 GC heap before
{Heap before GC invocations=1 (full 0):
 garbage-first heap   total 32768K, used 15243K [0x00000000fc000000, 0x0000000100000000)
  region size 1024K, 13 young (13312K), 2 survivors (2048K)
 Metaspace       used 17169K, capacity 17452K, committed 17536K, reserved 1064960K
  class space    used 1781K, capacity 1894K, committed 1920K, reserved 1048576K
}
Event: 118.355 GC heap after
{Heap after GC invocations=2 (full 0):
 garbage-first heap   total 32768K, used 5301K [0x00000000fc000000, 0x0000000100000000)
  region size 1024K, 2 young (2048K), 2 survivors (2048K)
 Metaspace       used 17169K, capacity 17452K, committed 17536K, reserved 1064960K
  class space    used 1781K, capacity 1894K, committed 1920K, reserved 1048576K
}
Event: 357.167 GC heap before
{Heap before GC invocations=2 (full 0):
 garbage-first heap   total 32768K, used 17589K [0x00000000fc000000, 0x0000000100000000)
  region size 1024K, 14 young (14336K), 2 survivors (2048K)
 Metaspace       used 18248K, capacity 18673K, committed 18944K, reserved 1067008K
  class space    used 1847K, capacity 2008K, committed 2048K, reserved 1048576K
}
Event: 357.203 GC heap after
{Heap after GC invocations=3 (full 0):
 garbage-first heap   total 32768K, used 5500K [0x00000000fc000000, 0x0000000100000000)
  region size 1024K, 1 young (1024K), 1 survivors (1024K)
 Metaspace       used 18248K, capacity 18673K, committed 18944K, reserved 1067008K
  class space    used 1847K, capacity 2008K, committed 2048K, reserved 1048576K
}
Event: 565.632 GC heap before
{Heap before GC invocations=3 (full 0):
 garbage-first heap   total 32768K, used 18812K [0x00000000fc000000, 0x0000000100000000)
  region size 1024K, 14 young (14336K), 1 survivors (1024K)
 Metaspace       used 18536K, capacity 18977K, committed 19200K, reserved 1067008K
  class space    used 1854K, capacity 2018K, committed 2048K, reserved 1048576K
}
Event: 565.647 GC heap after
{Heap after GC invocations=4 (full 0):
 garbage-first heap   total 32768K, used 5412K [0x00000000fc000000, 0x0000000100000000)
  region size 1024K, 1 young (1024K), 1 survivors (1024K)
 Metaspace       used 18536K, capacity 18977K, committed 19200K, reserved 1067008K
  class space    used 1854K, capacity 2018K, committed 2048K, reserved 1048576K
}
Event: 799.126 GC heap before
{Heap before GC invocations=4 (full 0):
 garbage-first heap   total 32768K, used 19748K [0x00000000fc000000, 0x0000000100000000)
  region size 1024K, 15 young (15360K), 1 survivors (1024K)
 Metaspace       used 19638K, capacity 20037K, committed 20352K, reserved 1067008K
  class space    used 1966K, capacity 2114K, committed 2176K, reserved 1048576K
}
Event: 799.151 GC heap after
{Heap after GC invocations=5 (full 0):
 garbage-first heap   total 32768K, used 5585K [0x00000000fc000000, 0x0000000100000000)
  region size 1024K, 1 young (1024K), 1 survivors (1024K)
 Metaspace       used 19638K, capacity 20037K, committed 20352K, reserved 1067008K
  class space    used 1966K, capacity 2114K, committed 2176K, reserved 1048576K
}

Deoptimization events (10 events):
Event: 945.319 Thread 0x000001a3cd92b000 Uncommon trap: reason=bimorphic_or_optimized_type_check action=maybe_recompile pc=0x000001a3c33d44d0 method=java.util.Collections$UnmodifiableCollection$1.next()Ljava/lang/Object; @ 4 c2
Event: 945.511 Thread 0x000001a3cd92b000 Uncommon trap: reason=unstable_if action=reinterpret pc=0x000001a3c33fef10 method=jdk.internal.org.objectweb.asm.Type.getArgumentsAndReturnSizes(Ljava/lang/String;)I @ 130 c2
Event: 949.490 Thread 0x000001a3cd92b000 Uncommon trap: reason=class_check action=maybe_recompile pc=0x000001a3c348d2b8 method=org.apache.xerces.util.ParserConfigurationSettings.setProperty(Ljava/lang/String;Ljava/lang/Object;)V @ 2 c2
Event: 950.533 Thread 0x000001a3cd92b000 Uncommon trap: reason=class_check action=maybe_recompile pc=0x000001a3c348d2b8 method=org.apache.xerces.util.ParserConfigurationSettings.setProperty(Ljava/lang/String;Ljava/lang/Object;)V @ 2 c2
Event: 951.340 Thread 0x000001a3cd92b000 Uncommon trap: reason=class_check action=maybe_recompile pc=0x000001a3c348da9c method=org.apache.xerces.impl.XMLEntityManager.setProperty(Ljava/lang/String;Ljava/lang/Object;)V @ 94 c2
Event: 951.343 Thread 0x000001a3cd92b000 Uncommon trap: reason=unstable_if action=reinterpret pc=0x000001a3c348b2e4 method=org.apache.xerces.impl.XMLErrorReporter.setProperty(Ljava/lang/String;Ljava/lang/Object;)V @ 35 c2
Event: 951.352 Thread 0x000001a3cd92b000 Uncommon trap: reason=null_check action=make_not_entrant pc=0x000001a3c344abdc method=org.apache.xerces.util.ParserConfigurationSettings.getFeature(Ljava/lang/String;)Z @ 8 c2
Event: 955.482 Thread 0x000001a3cda75000 Uncommon trap: reason=unstable_if action=reinterpret pc=0x000001a3c33a6650 method=java.lang.AbstractStringBuilder.append(Ljava/lang/String;)Ljava/lang/AbstractStringBuilder; @ 1 c2
Event: 960.059 Thread 0x000001a3cda75000 Uncommon trap: reason=unstable_if action=reinterpret pc=0x000001a3c33b04e4 method=java.lang.AbstractStringBuilder.append(Ljava/lang/String;)Ljava/lang/AbstractStringBuilder; @ 1 c2
Event: 986.337 Thread 0x000001a3cd92b000 Uncommon trap: reason=unstable_if action=reinterpret pc=0x000001a3c3443b84 method=java.util.concurrent.CompletableFuture.isCancelled()Z @ 9 c2

Classes redefined (0 events):
No events

Internal exceptions (10 events):
Event: 943.704 Thread 0x000001a3cd92b000 Exception <a 'java/lang/NoSuchMethodError'{0x00000000fdb39048}: java.lang.invoke.DirectMethodHandle$Holder.invokeStatic(Ljava/lang/Object;Ljava/lang/Object;Ljava/lang/Object;Ljava/lang/Object;Ljava/lang/Object;Ljava/lang/Object;Ljava/lang/Object;Ljava/lan
Event: 943.728 Thread 0x000001a3cd92b000 Exception <a 'java/lang/NoSuchMethodError'{0x00000000fdb46fe8}: java.lang.invoke.DirectMethodHandle$Holder.invokeStatic(Ljava/lang/Object;Ljava/lang/Object;Ljava/lang/Object;Ljava/lang/Object;Ljava/lang/Object;Ljava/lang/Object;Ljava/lang/Object;Ljava/lan
Event: 943.872 Thread 0x000001a3cd92b000 Exception <a 'java/lang/NoSuchMethodError'{0x00000000fdb550b0}: java.lang.invoke.DirectMethodHandle$Holder.invokeSpecial(Ljava/lang/Object;Ljava/lang/Object;IILjava/lang/Object;Ljava/lang/Object;Ljava/lang/Object;)Ljava/lang/Object;> (0x00000000fdb550b0) 
Event: 944.159 Thread 0x000001a3cd92b000 Exception <a 'java/lang/NoSuchMethodError'{0x00000000fdb58638}: java.lang.invoke.DelegatingMethodHandle$Holder.reinvoke_L(Ljava/lang/Object;IILjava/lang/Object;Ljava/lang/Object;Ljava/lang/Object;)Ljava/lang/Object;> (0x00000000fdb58638) thrown at [./open
Event: 944.201 Thread 0x000001a3cd92b000 Exception <a 'java/lang/NoSuchMethodError'{0x00000000fdb5c7c0}: java.lang.invoke.DirectMethodHandle$Holder.invokeStatic(Ljava/lang/Object;Ljava/lang/Object;Ljava/lang/Object;Ljava/lang/Object;I)Ljava/lang/Object;> (0x00000000fdb5c7c0) thrown at [./open/sr
Event: 951.352 Thread 0x000001a3cd92b000 Implicit null exception at 0x000001a3c344a856 to 0x000001a3c344abcc
Event: 955.482 Thread 0x000001a3cda75000 Implicit null exception at 0x000001a3c33a6177 to 0x000001a3c33a6634
Event: 960.059 Thread 0x000001a3cda75000 Implicit null exception at 0x000001a3c33afff4 to 0x000001a3c33b04cc
Event: 1186.361 Thread 0x000001a3cde1a000 Exception <a 'java/lang/ClassCastException'{0x00000000fd5ea838}: class com.google.gson.JsonNull cannot be cast to class com.google.gson.JsonPrimitive (com.google.gson.JsonNull and com.google.gson.JsonPrimitive are in unnamed module of loader 'app')> (0x00
Event: 1262.117 Thread 0x000001a3cde1a000 Exception <a 'java/lang/ClassCastException'{0x00000000fd3a6408}: class com.google.gson.JsonNull cannot be cast to class com.google.gson.JsonPrimitive (com.google.gson.JsonNull and com.google.gson.JsonPrimitive are in unnamed module of loader 'app')> (0x00

Events (10 events):
Event: 1001.749 loading class org/eclipse/lemminx/dom/DOMAttr
Event: 1001.749 loading class org/eclipse/lemminx/dom/DOMAttr done
Event: 1001.933 loading class org/eclipse/lemminx/dom/DOMAttr
Event: 1001.933 loading class org/eclipse/lemminx/dom/DOMAttr done
Event: 1001.934 loading class org/eclipse/lemminx/dom/DOMAttr
Event: 1001.934 loading class org/eclipse/lemminx/dom/DOMAttr done
Event: 1086.184 loading class com/google/common/base/Objects
Event: 1086.184 loading class com/google/common/base/Objects done
Event: 1086.389 loading class com/google/common/base/ExtraObjectsMethodsForWeb
Event: 1086.389 loading class com/google/common/base/ExtraObjectsMethodsForWeb done


Dynamic libraries:
0x00007ff615be0000 - 0x00007ff615bef000 	C:\Program Files\Java\jdk-11.0.11\bin\java.exe
0x00007ffb46c20000 - 0x00007ffb46e01000 	C:\WINDOWS\SYSTEM32\ntdll.dll
0x00007ffb46a60000 - 0x00007ffb46b11000 	C:\WINDOWS\System32\KERNEL32.DLL
0x00007ffb43d20000 - 0x00007ffb43f93000 	C:\WINDOWS\System32\KERNELBASE.dll
0x00007ffb43fa0000 - 0x00007ffb44098000 	C:\WINDOWS\System32\ucrtbase.dll
0x00007ffb3e340000 - 0x00007ffb3e355000 	C:\Program Files\Java\jdk-11.0.11\bin\VCRUNTIME140.dll
0x00007ffb3e070000 - 0x00007ffb3e088000 	C:\Program Files\Java\jdk-11.0.11\bin\jli.dll
0x00007ffb44340000 - 0x00007ffb443e1000 	C:\WINDOWS\System32\ADVAPI32.dll
0x00007ffb444b0000 - 0x00007ffb4454e000 	C:\WINDOWS\System32\msvcrt.dll
0x00007ffb44b80000 - 0x00007ffb44bdb000 	C:\WINDOWS\System32\sechost.dll
0x00007ffb46920000 - 0x00007ffb46a44000 	C:\WINDOWS\System32\RPCRT4.dll
0x00007ffb44180000 - 0x00007ffb44310000 	C:\WINDOWS\System32\USER32.dll
0x00007ffb43ca0000 - 0x00007ffb43cc0000 	C:\WINDOWS\System32\win32u.dll
0x00007ffb2c710000 - 0x00007ffb2c979000 	C:\WINDOWS\WinSxS\amd64_microsoft.windows.common-controls_6595b64144ccf1df_6.0.17134.1304_none_d3fbe61b7c93d9f0\COMCTL32.dll
0x00007ffb467a0000 - 0x00007ffb467c8000 	C:\WINDOWS\System32\GDI32.dll
0x00007ffb44df0000 - 0x00007ffb45111000 	C:\WINDOWS\System32\combase.dll
0x00007ffb42fe0000 - 0x00007ffb43171000 	C:\WINDOWS\System32\gdi32full.dll
0x00007ffb43c20000 - 0x00007ffb43c99000 	C:\WINDOWS\System32\bcryptPrimitives.dll
0x00007ffb43180000 - 0x00007ffb4321f000 	C:\WINDOWS\System32\msvcp_win.dll
0x00007ffb375f0000 - 0x00007ffb375fa000 	C:\WINDOWS\SYSTEM32\VERSION.dll
0x00007ffb44310000 - 0x00007ffb4433d000 	C:\WINDOWS\System32\IMM32.DLL
0x00007ffae7530000 - 0x00007ffae75cb000 	C:\Program Files\Java\jdk-11.0.11\bin\msvcp140.dll
0x00007ffadc620000 - 0x00007ffadd11e000 	C:\Program Files\Java\jdk-11.0.11\bin\server\jvm.dll
0x00007ffb466e0000 - 0x00007ffb466e8000 	C:\WINDOWS\System32\PSAPI.DLL
0x00007ffb41b50000 - 0x00007ffb41b59000 	C:\WINDOWS\SYSTEM32\WSOCK32.dll
0x00007ffb44be0000 - 0x00007ffb44c4c000 	C:\WINDOWS\System32\WS2_32.dll
0x00007ffb40e00000 - 0x00007ffb40e23000 	C:\WINDOWS\SYSTEM32\WINMM.dll
0x00007ffb40da0000 - 0x00007ffb40dca000 	C:\WINDOWS\SYSTEM32\winmmbase.dll
0x00007ffb43bd0000 - 0x00007ffb43c19000 	C:\WINDOWS\System32\cfgmgr32.dll
0x00007ffb42f70000 - 0x00007ffb42f81000 	C:\WINDOWS\System32\kernel.appcore.dll
0x00007ffb3e390000 - 0x00007ffb3e3a0000 	C:\Program Files\Java\jdk-11.0.11\bin\verify.dll
0x00007ffb41930000 - 0x00007ffb41af9000 	C:\WINDOWS\SYSTEM32\DBGHELP.DLL
0x00007ffb27a40000 - 0x00007ffb27a69000 	C:\WINDOWS\SYSTEM32\dbgcore.DLL
0x00007ffb3dcb0000 - 0x00007ffb3dcd8000 	C:\Program Files\Java\jdk-11.0.11\bin\java.dll
0x00007ffb3e060000 - 0x00007ffb3e06a000 	C:\Program Files\Java\jdk-11.0.11\bin\jimage.dll
0x00007ffb3dab0000 - 0x00007ffb3dac6000 	C:\Program Files\Java\jdk-11.0.11\bin\zip.dll
0x00007ffb45120000 - 0x00007ffb46565000 	C:\WINDOWS\System32\SHELL32.dll
0x00007ffb466f0000 - 0x00007ffb46799000 	C:\WINDOWS\System32\shcore.dll
0x00007ffb432d0000 - 0x00007ffb439e0000 	C:\WINDOWS\System32\windows.storage.dll
0x00007ffb440a0000 - 0x00007ffb440f1000 	C:\WINDOWS\System32\shlwapi.dll
0x00007ffb42f20000 - 0x00007ffb42f3f000 	C:\WINDOWS\System32\profapi.dll
0x00007ffb42f90000 - 0x00007ffb42fdc000 	C:\WINDOWS\System32\powrprof.dll
0x00007ffb42f60000 - 0x00007ffb42f6a000 	C:\WINDOWS\System32\FLTLIB.DLL
0x00007ffb3ceb0000 - 0x00007ffb3cec9000 	C:\Program Files\Java\jdk-11.0.11\bin\net.dll
0x00007ffb3ba30000 - 0x00007ffb3bb0d000 	C:\WINDOWS\SYSTEM32\WINHTTP.dll
0x00007ffb42740000 - 0x00007ffb427a6000 	C:\WINDOWS\system32\mswsock.dll
0x00007ffb3cd60000 - 0x00007ffb3cd72000 	C:\Program Files\Java\jdk-11.0.11\bin\nio.dll
0x00007ffb428f0000 - 0x00007ffb42907000 	C:\WINDOWS\SYSTEM32\CRYPTSP.dll
0x00007ffb422f0000 - 0x00007ffb42323000 	C:\WINDOWS\system32\rsaenh.dll
0x00007ffb42a20000 - 0x00007ffb42a45000 	C:\WINDOWS\SYSTEM32\bcrypt.dll
0x00007ffb42e20000 - 0x00007ffb42e48000 	C:\WINDOWS\SYSTEM32\USERENV.dll
0x00007ffb42910000 - 0x00007ffb4291b000 	C:\WINDOWS\SYSTEM32\CRYPTBASE.dll
0x00007ffb42490000 - 0x00007ffb424c8000 	C:\WINDOWS\SYSTEM32\IPHLPAPI.DLL
0x00007ffb46570000 - 0x00007ffb46578000 	C:\WINDOWS\System32\NSI.dll
0x00007ffb38e70000 - 0x00007ffb38e86000 	C:\WINDOWS\SYSTEM32\dhcpcsvc6.DLL
0x00007ffb38fc0000 - 0x00007ffb38fda000 	C:\WINDOWS\SYSTEM32\dhcpcsvc.DLL

dbghelp: loaded successfully - version: 4.0.5 - missing functions: none
symbol engine: initialized successfully - sym options: 0x614 - pdb path: .;C:\Program Files\Java\jdk-11.0.11\bin;C:\WINDOWS\SYSTEM32;C:\WINDOWS\WinSxS\amd64_microsoft.windows.common-controls_6595b64144ccf1df_6.0.17134.1304_none_d3fbe61b7c93d9f0;C:\Program Files\Java\jdk-11.0.11\bin\server

VM Arguments:
jvm_args: -DwatchParentProcess=false -XX:+ExitOnOutOfMemoryError -XX:+HeapDumpOnOutOfMemoryError -XX:HeapDumpPath=c:\Users\anaba\AppData\Roaming\Code\User\globalStorage\redhat.vscode-xml -Xverify:none -Xmx64M 
java_command: org.eclipse.lemminx.XMLServerLauncher
java_class_path (initial): c:\Users\anaba\.vscode\extensions\redhat.vscode-xml-0.18.3\server\org.eclipse.lemminx-0.18.4-uber.jar
Launcher Type: SUN_STANDARD

[Global flags]
     bool BytecodeVerificationLocal                = false                                     {product} {command line}
     bool BytecodeVerificationRemote               = false                                     {product} {command line}
     intx CICompilerCount                          = 3                                         {product} {ergonomic}
     uint ConcGCThreads                            = 1                                         {product} {ergonomic}
     bool ExitOnOutOfMemoryError                   = true                                      {product} {command line}
     uint G1ConcRefinementThreads                  = 4                                         {product} {ergonomic}
   size_t G1HeapRegionSize                         = 1048576                                   {product} {ergonomic}
    uintx GCDrainStackTargetSize                   = 64                                        {product} {ergonomic}
     bool HeapDumpOnOutOfMemoryError               = true                                   {manageable} {command line}
    ccstr HeapDumpPath                             = c:\Users\anaba\AppData\Roaming\Code\User\globalStorage\redhat.vscode-xml         {manageable} {command line}
   size_t InitialHeapSize                          = 33554432                                  {product} {ergonomic}
   size_t MarkStackSize                            = 4194304                                   {product} {ergonomic}
   size_t MaxHeapSize                              = 67108864                                  {product} {command line}
   size_t MaxNewSize                               = 39845888                                  {product} {ergonomic}
   size_t MinHeapDeltaBytes                        = 1048576                                   {product} {ergonomic}
    uintx NonNMethodCodeHeapSize                   = 5830732                                {pd product} {ergonomic}
    uintx NonProfiledCodeHeapSize                  = 122913754                              {pd product} {ergonomic}
    uintx ProfiledCodeHeapSize                     = 122913754                              {pd product} {ergonomic}
    uintx ReservedCodeCacheSize                    = 251658240                              {pd product} {ergonomic}
     bool SegmentedCodeCache                       = true                                      {product} {ergonomic}
     bool UseCompressedClassPointers               = true                                 {lp64_product} {ergonomic}
     bool UseCompressedOops                        = true                                 {lp64_product} {ergonomic}
     bool UseG1GC                                  = true                                      {product} {ergonomic}
     bool UseLargePagesIndividualAllocation        = false                                  {pd product} {ergonomic}

Logging:
Log output configuration:
 #0: stdout all=warning uptime,level,tags
 #1: stderr all=off uptime,level,tags

Environment Variables:
PATH=C:\Program Files\Common Files\Oracle\Java\javapath;C:\Program Files (x86)\Common Files\Oracle\Java\javapath;C:\WINDOWS\system32;C:\WINDOWS;C:\WINDOWS\System32\Wbem;C:\WINDOWS\System32\WindowsPowerShell\v1.0\;C:\WINDOWS\System32\OpenSSH\;C:\Users\anaba\AppData\Local\Microsoft\WindowsApps;;C:\Users\anaba\AppData\Local\Programs\Microsoft VS Code\bin
USERNAME=anaba
OS=Windows_NT
PROCESSOR_IDENTIFIER=Intel64 Family 6 Model 76 Stepping 4, GenuineIntel



---------------  S Y S T E M  ---------------

OS: Windows 10 , 64 bit Build 17134 (10.0.17134.753)

CPU:total 4 (initial active 4) (4 cores per cpu, 1 threads per core) family 6 model 76 stepping 4 microcode 0x406, cmov, cx8, fxsr, mmx, sse, sse2, sse3, ssse3, sse4.1, sse4.2, popcnt, aes, clmul, erms, 3dnowpref, tsc, tscinvbit

Memory: 4k page, system-wide physical 1972M (308M free)
TotalPageFile size 4599M (AvailPageFile size 1M)
current process WorkingSet (physical memory assigned to process): 29M, peak: 61M
current process commit charge ("private bytes"): 131M, peak: 135M

vm_info: Java HotSpot(TM) 64-Bit Server VM (11.0.11+9-LTS-194) for windows-amd64 JRE (11.0.11+9-LTS-194), built on Mar 18 2021 18:46:53 by "mach5one" with MS VC++ 15.9 (VS2017)

END.
